<?xml version="1.0" encoding="UTF-8"?>
<!-- Generated by org.testng.reporters.JUnitReportReporter -->
<testsuite hostname="DESKTOP-V6P045J" failures="0" tests="1" name="com.sd.testLayer.LoginPageTest" time="10.172" errors="0" timestamp="2024-09-13T16:08:53 IST" skipped="0">
  <testcase classname="com.sd.testLayer.LoginPageTest" name="verifyLoginPageWithValidCredentials" time="10.172"/>
</testsuite> <!-- com.sd.testLayer.LoginPageTest -->
