<?xml version="1.0" encoding="UTF-8"?>
<!-- Generated by org.testng.reporters.JUnitReportReporter -->
<testsuite hostname="DESKTOP-V6P045J" failures="0" tests="1" name="com.sd.testLayer.VerifyProductPage" time="7.939" errors="0" timestamp="2024-09-13T16:32:16 IST" skipped="0">
  <testcase classname="com.sd.testLayer.VerifyProductPage" name="verifyProductIsAddingToCart" time="7.939"/>
</testsuite> <!-- com.sd.testLayer.VerifyProductPage -->
